Started by timer
Running in Durability level: MAX_SURVIVABILITY
[8mha:////4DOlrZhma2TKYqx8mtRBwGXVE8Xt4z3OJyo/zi+ICDdzAAAAoh+LCAAAAAAAAP9tjTEOwjAQBM8BClpKHuFItIiK1krDC0x8GCfWnbEdkooX8TX+gCESFVvtrLSa5wtWKcKBo5UdUu8otU4GP9jS5Mixv3geZcdn2TIl9igbHBs2eJyx4YwwR1SwULBGaj0nRzbDRnX6rmuvydanHMu2V1A5c4MHCFXMWcf8hSnC9jqYxPTz/BXAFEIGsfuclm8zQVqFvQAAAA==[0m[Pipeline] Start of Pipeline
[8mha:////4B4K7nOhvaaLmbeE3w0NEhE1GAALwLDjakw9plXgkY6XAAAApR+LCAAAAAAAAP9tjTEOwjAUQ3+KOrAycohUghExsUZZOEFIQkgb/d8mKe3EibgadyBQiQlLlmxL1nu+oE4RjhQdby12HpP2vA+jK4lPFLtroIm3dOGaMFGwXNpJkrGnpUrKFhaxClYC1hZ1oOTRZdiIVt1VExS65pxj2Q4CKm8GeAAThZxVzN8yR9jeRpMIf5y/AJj7DGxXvP/86jduZBmjwAAAAA==[0m[Pipeline] node
Running on [8mha:////4EheNQ7D4c27QswDGPiDpGtf9rfQF1HauEmyd+/REsZ/AAAAoh+LCAAAAAAAAP9b85aBtbiIQTGjNKU4P08vOT+vOD8nVc83PyU1x6OyILUoJzMv2y+/JJUBAhiZGBgqihhk0NSjKDWzXb3RdlLBUSYGJk8GtpzUvPSSDB8G5tKinBIGIZ+sxLJE/ZzEvHT94JKizLx0a6BxUmjGOUNodHsLgAyeEgZx/eT83ILSktQiICOvpCg/Jye1SDdLHwCRPP8lzAAAAA==[0mcontroller-j in /root/.jenkins/workspace/spr-test-nicSriovStress
[8mha:////4NUxBMzN6CtFAbQ4pdo7pH8ZuwVHigLf0SdP3FcjQTwyAAAApR+LCAAAAAAAAP9tjTEOwjAUQ3+KOrAycoh0gA0xsUZZOEFIQkgb/d8mKe3EibgadyBQiQlLlmxL1nu+oE4RjhQdby12HpP2vA+jK4lPFLtroIm3dOGaMFGwXNpJkrGnpUrKFhaxClYC1hZ1oOTRZdiIVt1VExS65pxj2Q4CKm8GeAAThZxVzN8yR9jeRpMIf5y/AJj7DGxXvP/86jfoP95RwAAAAA==[0m[Pipeline] {
[8mha:////4OCB1+Up79PmV3LnMeomKr9r+JFCKkFjAfTpr2UorbLOAAAApR+LCAAAAAAAAP9tjTEOwjAUQ3+KOrAycoh0gQkxsUZZOEFIQkgb/d8mKe3EibgadyBQiQlLlmxL1nu+oE4RjhQdby12HpP2vA+jK4lPFLtroIm3dOGaMFGwXNpJkrGnpUrKFhaxClYC1hZ1oOTRZdiIVt1VExS65pxj2Q4CKm8GeAAThZxVzN8yR9jeRpMIf5y/AJj7DGxXvP/86jc09154wAAAAA==[0m[Pipeline] stage
[8mha:////4N6KQN35K8CT/Pcr9a+R4oOEu4uEh3phvpB1t67zd2hmAAAApR+LCAAAAAAAAP9tjTEOwjAUQ3+KOrAycoh0ggUxsUZZOEFIQkgb/d8mKe3EibgadyBQiQlLlmxL1nu+oE4RjhQdby12HpP2vA+jK4lPFLtroIm3dOGaMFGwXNpJkrGnpUrKFhaxClYC1hZ1oOTRZdiIVt1VExS65pxj2Q4CKm8GeAAThZxVzN8yR9jeRpMIf5y/AJj7DGxXvP/86jek7ggRwAAAAA==[0m[Pipeline] { (rm project dir)
[8mha:////4EWjgIQS1R18e39T6LdOu3ZpSMSXMburmKwxJHd8e163AAAApR+LCAAAAAAAAP9tjTEOwjAUQ3+KOrAycoh0gwExsUZZOEFIQkgb/d8mKe3EibgadyBQiQlLlmxL1nu+oE4RjhQdby12HpP2vA+jK4lPFLtroIm3dOGaMFGwXNpJkrGnpUrKFhaxClYC1hZ1oOTRZdiIVt1VExS65pxj2Q4CKm8GeAAThZxVzN8yR9jeRpMIf5y/AJj7DGxXvP/86jcChmMxwAAAAA==[0m[Pipeline] script
[8mha:////4NOJ/YVWDlnnBpjDdLKlLZkF5LrR387vblsx7fWhZkPlAAAApR+LCAAAAAAAAP9tjTEOwjAUQ3+KOrAycoh0BAkxsUZZOEFIQkgb/d8mKe3EibgadyBQiQlLlmxL1nu+oE4RjhQdby12HpP2vA+jK4lPFLtroIm3dOGaMFGwXNpJkrGnpUrKFhaxClYC1hZ1oOTRZdiIVt1VExS65pxj2Q4CKm8GeAAThZxVzN8yR9jeRpMIf5y/AJj7DGxXvP/86jfpX/cvwAAAAA==[0m[Pipeline] {
[8mha:////4MAm0moKTc8Eo2PcB0LgkHNHI7Xtf5Poej2Mf/l8xh/lAAAAoh+LCAAAAAAAAP9tjTEOAiEURD9rLGwtPQTbaoyVLaHxBMgiwpL/WWDdrTyRV/MOEjexcpJJ5k3zXm9Y5wQnSpZ7g73DrB2PYbR18YlSfws0cU9XrgkzBcOlmSR15rygpGJgCWtgJWBjUAfKDm2BrfDqodqg0LaXkup3FNC4boAnMFHNRaXyhTnB7j52mfDn+SuAORZg+9pD/AAeoCAqvAAAAA==[0m[Pipeline] sh
+ ls /root/.jenkins/workspace/spr-test-nicSriovStress/npxtester
1.0.0.0001.version
conf
installation
libs
log_analyzer
README.md
testconf
testLibs
Tests
[8mha:////4F3BY6hez6Yn9lSF4dYULOlz4RwK0Fdsp1OYWtj0vxDtAAAAox+LCAAAAAAAAP9tjTEOwjAQBDdBFLSUPMKBDglR0VppeIFJjHFi3QX7QlLxIr7GH4iIRMVWO9PM641lijhydKqx1HpKlVdd6N301MCxvQYeVMMXVTElDlaVdii5tqcZSxaLeVmOhcbKUhU4eXKCtW7MwxTBkCvOEid30Mh9fccTmZ7KYqJ8YYzY3Po6Mf06fwMYO0G2F+S7bfcBITL9lL0AAAA=[0m[Pipeline] echo
dir is exists and rm dir
[8mha:////4KL1cTFlC/t8/0LRf71hJwxXIUFLIMviWtcIHXR2W8epAAAAox+LCAAAAAAAAP9tjbEOgjAURS8YB1dHP6KEzcQ4uTYsfkGFWgvNe9g+hMkv8tf8B4kkTt7pnrOc1xvrFHHk6FRrqfOUaq/6MLj5qZFjdw08qpYvqmZKHKyq7FhxY08LViwWy7IcK42NpTpw8uQEW92ahymCIVecJc7uoJH75o4nMj2XxUT5whSxuw1NYvp1/gYw9YJsL8jLsv8AYAPmjb0AAAA=[0m[Pipeline] sh
+ rm -rf /root/.jenkins/workspace/spr-test-nicSriovStress/npxtester
[8mha:////4GzJynz9IX3CLl34e/1JpYOeLz7FDsqMtIihCtFGqNpZAAAAox+LCAAAAAAAAP9tjTEOwjAQBDdBFLSUPMIRVEiIitZKwwtMYowT6y7YF5KKF/E1/kBEJCq22plmXm8sU8SRo1ONpdZTqrzqQu+mpwaO7TXwoBq+qIopcbCqtEPJtT3NWLJYzMtyLDRWlqrAyZMTrHVjHqYIhlxxlji5g0bu6zueyPRUFhPlC2PE5tbXienX+RvA2HWCfLsTZPsPzjQzob0AAAA=[0m[Pipeline] }
[8mha:////4MvApYhNLg1xEFG2iXyHCog7Z9h4MbdAsNSDoK4wJnDgAAAApB+LCAAAAAAAAP9tjTEOwjAQBDdBFLSUPMIRoqBAVLRWGl5gEmOcWHfBvpBUvIiv8QciIlGx1c4083pjmSKOHJ1qLLWeUuVVF3o3PTVwbK+BB9XwRVVMiYNVpR1Kru1pxpLFYl6WY6GxslQFTp6cYK0b8zBFMOSKs8TJHTRyX9/xRKanspgoXxgjNre+Tky/zt8Axq4T5NudINt/AO8A7Ay9AAAA[0m[Pipeline] // script
[8mha:////4P1g47DHQeYIMdAQPrqVFJW5XTEYSJkMqP0k+p1upCWxAAAApB+LCAAAAAAAAP9tjTEOwjAQBDdBFLSUPMIREqJBVLRWGl5gEmOcWHfBvpBUvIiv8QciIlGx1c4083pjmSKOHJ1qLLWeUuVVF3o3PTVwbK+BB9XwRVVMiYNVpR1Kru1pxpLFYl6WY6GxslQFTp6cYK0b8zBFMOSKs8TJHTRyX9/xRKanspgoXxgjNre+Tky/zt8Axq4T5NudINt/AGnsy8m9AAAA[0m[Pipeline] }
[8mha:////4Lc6WrLYEiiAC7rTWY8q4RQPGu1FD+hrgClvEqpzcg2sAAAAox+LCAAAAAAAAP9tjTESgjAQRT84FraWHiKMBZVjZZuh8QQRYgxkdjFZhMoTeTXvICMzVv7qv9e81xvrFHHk6FRrqfOUaq/6MLj5qZFjdw08qpYvqmZKHKyq7FhxY08LViwWy7IcK42NpTpw8uQEW92ahymCIVecJc7uoJH75o4nMj2XxUT5whSxuw1NYvp1/gYw9b0g35eCrPwAY5Sibb0AAAA=[0m[Pipeline] // stage
[8mha:////4LPzYIRsJlP9vBl87WR2FbvV5590n9jZkqHCRBijPEs5AAAApx+LCAAAAAAAAP9tjTEOwjAQBM9BKWgpeYQjJESDqGgtN7zAxMY4se6CfSGpeBFf4w8EIlGx1c5Kq3m+oMwJDpS8bBy2AXMdZBd7PzU5UGovkQbZ0FnWhJmik9oNmqw7zqiJHcwRBSwULB3WkXJAz7BSjbmbKhr01YnTtO0VFMHe4AFCTWY2ib8wJlhfe5sJf56/Ahg7BrFlKDa7z7F8A6sHc4fBAAAA[0m[Pipeline] stage
[8mha:////4P0yjWfQiEwQxZO7i9obwDXrYwQclNR3i//1CTGbFwBFAAAApx+LCAAAAAAAAP9tjTEOwjAUQ3+LOrAycohULDAgpq5RFk4QmhDSRv+Xn5R24kRcjTvQUokJD5ZtyXqvNxSR4UTsRGOx9RhrL7rQuymJgbi9BhpEQxdRE0YKVig7KDK2WqqiZGFRlsNKwtpiHSh6dAk2stEPXQaNrjwnnrajhNybOzwhkxM5aU7fMjJsb72JhD/OXwCMXYJ8t5/tMD+LD1+IXOLCAAAA[0m[Pipeline] { (clone)
[8mha:////4I3tKNYAz7At397ZkNOs6SFwEn2bzn3ZBhsoegW1dhRwAAAApB+LCAAAAAAAAP9tjTEOwjAQBC9BFLSUPOIiKpAQVVrLDS8wsTFOrDtjOyQVL+Jr/IFAJCq2WO1sM88XLFOEI0eLraHOUWocBt/baeHAsbt4HrDlMzZMib1BaQbJ2tQzSs4G5hQlLASsDDWekyObYS1adVeVV2SrU47TdxBQOn2DBxRiMmcV8xfGCJtrrxPTz/NXAGPIUG53n9qHNxXfVKy+AAAA[0m[Pipeline] sh
+ git clone -b develop https://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@github.com/intel-innersource/applications.validation.network-platform.npxtester.git npxtester
Cloning into 'npxtester'...
[8mha:////4CRWXV91kUhqh2bTVXI+2n5U32cQ89nJ7yub5blKQ29bAAAApB+LCAAAAAAAAP9tjTEOwjAQBC9BFLSUPOIiKoQQVVrLDS8wsTFOrDtjOyQVL+Jr/IFAJCq2WO1sM88XLFOEI0eLraHOUWocBt/baeHAsbt4HrDlMzZMib1BaQbJ2tQzSs4G5hQlLASsDDWekyObYS1adVeVV2SrU47TdxBQOn2DBxRiMmcV8xfGCJtrrxPTz/NXAGMIGcrt/lO7N9Jjga++AAAA[0m[Pipeline] }
[8mha:////4I4ZVrOFMvh2sVfxnfT9s6+paGHoH9OzkxEwdR4h+nRDAAAApR+LCAAAAAAAAP9tjTEOwjAQBC9BFLSUPOICFDQoFa3lhheYxBgn1l2wHZyKF/E1/oBFJCq2WO1sM683LIOHmr3BTlNvKTQWBzeavDCx76+OE3Z8wYYpsNModZLc6tOMkqOGOUUJCwErTY3jYMlEWItOPVTlFJnqHH3+jgJK297hCYXI5qh8/MLkYXMb28D08/wVwDQMEcr9Ntfu8AERGGHOvgAAAA==[0m[Pipeline] // stage
[8mha:////4J4BpfnRrLE6odVrNZGgZ11wIRy0HYHBalvcHAcD12j/AAAAph+LCAAAAAAAAP9tjTEOwjAQBM9BKWgpeYQjEB2iorXc8AITG+PEugv2haTiRXyNPxCIRMVWOyut5vmCMic4UPKycdgGzHWQXez91ORAqb1EGmRDZ1kTZopOajdosu44oyZ2MEcUsFCwdFhHygE9w0o15m6qaNBXJ07TtldQBHuDBwg1mdkk/sKYYH3tbSb8ef4KYOwYxI6h2G4+x/INji2eq8EAAAA=[0m[Pipeline] stage
[8mha:////4AgPhGmio4pMNzq5gItmuDxswb3P5dwyIofUIBdMXBTmAAAAph+LCAAAAAAAAP9tjTEOwjAUQ3+DOrAycohUdEVMrFEXThCaEJJG/7dJSjpxIq7GHWipxIQHy7ZkvdcbyhjgRMFwp7GzGFvLez+aOfFMobt5ytzRlbeEkbzmjc4NKX1ea0NJw6qCwUbAVmPrKVo0CXbCyYesvERTXVKYt6MAZtUATyjETE4ypG+ZAuzvo4qEP85fAEx9AlYfFquXZ/kBAsTc3cIAAAA=[0m[Pipeline] { (set args)
[8mha:////4G9dxluK5ut2lxdfo2JVi6OIov1ZH/881VUFzuPzanonAAAAox+LCAAAAAAAAP9tjTESwiAURH/iWNhaeggyE0vHypah8QSYIEKY/wkQSeWJvJp3EM2MlVvs7NvmPV+wjgGOFDSzCgeDsTPMu0mXxTKF4eooM0sX1hFGcooJlQX16rSgoKRgSVXDisNGYecoGtQJttzKu2ycRN2cUyjfgUNt+hEeUPFiTjKkL8wBdrepj4Q/z18BzD5B3baf2vs3w5BRkb4AAAA=[0m[Pipeline] sh
+ python /root/.jenkins/workspace/spr-test-nicSriovStress/npxtester/conf/change_args.py '{"drive_info":{"drive_version":"4.18.0-369.el8.x86_64"},"dpdk_dir":"/opt/APP/utility/DPDK_install/dpdk-22.03","vm_image_conf":{"image1":"rhel86.img","image2":"rhel862.img","image3":"rhel84rt.img","image4":"rhel84rt2.img","image_dir":"/home/image"},"sut_conf":{"host":"10.239.182.80","run_time":"600","pf1":"ens43f0","os":"RHEL"},"pkg_generator":{"host":"10.239.182.88","pf1":"ens785f0"}}'
[8mha:////4FhUQONKPXFSeOjFO92QKbtxv93cUzSuhB7hx3xoWX6KAAAApB+LCAAAAAAAAP9tjbEOwiAURV9rHFwd/QiaNG7GyZWw+AXYIkLJexSodPKL/DX/QbSJk3e4uecu5/mCdQxwpKCZVTgYjJ1h3k26LJYpDFdHmVm6sI4wklNMqCyoV6cFBSUFS6oaVhw2CjtH0aBOsOVW3mXjJOrmnEL5Dhxq04/wgIoXc5IhfWEOsLtNfST8ef4KYPY+Qd3uP9W+Ad3NsHm+AAAA[0m[Pipeline] }
[8mha:////4EpM1Tihe33kOTBucrClpdwMCq1FF6wGwTU/AEOZmYaNAAAApB+LCAAAAAAAAP9tjTEOwjAQBC9BFLSUPOIikKgQVVrLDS8wsTFOrDtjOyQVL+Jr/IFAJCq2WO1sM88XLFOEI0eLraHOUWocBt/baeHAsbt4HrDlMzZMib1BaQbJ2tQzSs4G5hQlLASsDDWekyObYS1adVeVV2SrU47TdxBQOn2DBxRiMmcV8xfGCJtrrxPTz/NXAGMIGcrd/lPbN8JP5Su+AAAA[0m[Pipeline] // stage
[8mha:////4JJk4NQMkVX21N+ktknOqKLQw+FD2VU/fvD8dhBPuambAAAApx+LCAAAAAAAAP9tjTEOwjAQBM9BKWgpeYQjIUSDqGgtN7zAxMY4se6CfSGpeBFf4w8EIlGx1c5Kq3m+oMwJDpS8bBy2AXMdZBd7PzU5UGovkQbZ0FnWhJmik9oNmqw7zqiJHcwRBSwULB3WkXJAz7BSjbmbKhr01YnTtO0VFMHe4AFCTWY2ib8wJlhfe5sJf56/Ahg7BrFlKDa7z7F8AzYdm7bBAAAA[0m[Pipeline] stage
[8mha:////4GToWcz1lEtttcc1F67+obVKf97ChyGWoNBgdNb8ln6iAAAAqB+LCAAAAAAAAP9tjTEOwjAUQ3+LOrAycohUYoABMXWNsnCC0ISQNvq//KS0EyfiatyBlkpMeLBsS9Z7vaGIDCdiJxqLrcdYe9GF3k1JDMTtNdAgGrqImjBSsELZQZGx1VIVJQuLshxWEtYW60DRo0uwkY1+6DJodOU58bQdJeTe3OEJmZzISXP6lpFhe+tNJPxx/gJg7BLku/1sh/lZfAAyQCqkwgAAAA==[0m[Pipeline] { (run nic case)
[8mha:////4Dqouna/UALz1cds/DYDIib12lRO4R4U9QQgmUx/wyv5AAAAqB+LCAAAAAAAAP9tjTEOwjAUQ3+LOrAycohUYgEJMXWNsnCC0ISQNvq//KS0EyfiatyBlkpMeLBsS9Z7vaGIDCdiJxqLrcdYe9GF3k1JDMTtNdAgGrqImjBSsELZQZGx1VIVJQuLshxWEtYW60DRo0uwkY1+6DJodOU58bQdJeTe3OEJmZzISXP6lpFhe+tNJPxx/gJg7BLku/1sh/lZfAAnLfKUwgAAAA==[0m[Pipeline] script
[8mha:////4JUhH4fIWh5icAEY6zBr3HRHHu0lnMalVyM2fPsu3/3sAAAApx+LCAAAAAAAAP9tjTEOwjAUQ3+LOrAycohUYgIhpq5RFk4QmhDSRv+Xn5R24kRcjTvQUokJD5ZtyXqvNxSR4UTsRGOx9RhrL7rQuymJgbi9BhpEQxdRE0YKVig7KDK2WqqiZGFRlsNKwtpiHSh6dAk2stEPXQaNrjwnnrajhNybOzwhkxM5aU7fMjJsb72JhD/OXwCMXYJ8t5/tMD+LD0QKVszCAAAA[0m[Pipeline] {
[8mha:////4PJRxj8hD/CuSHgtWDRwAQ67XTdBRcldvWih24U4ysBWAAAApR+LCAAAAAAAAP9tjTEOwjAQBC9BFLSUPOKCoEIoFa3lhheYxBgn1l2wHZyKF/E1/oBFJCq2WO1sM683LIOHmr3BTlNvKTQWBzeavDCx76+OE3Z8wYYpsNModZLc6tOMkqOGOUUJCwErTY3jYMlEWItOPVTlFJnqHH3+jgJK297hCYXI5qh8/MLkYXMb28D08/wVwDREKHeHXPvt8AHN/bm5vgAAAA==[0m[Pipeline] sh
+ pytest /root/.jenkins/workspace/spr-test-nicSriovStress/npxtester/Tests/testNics -s -m nicSriovStress --capture=tee-sys --html=/root/testconfig/testlogs/HtmlReport/nicSriovStress_report.html --self-contained-html
============================= test session starts ==============================
platform linux -- Python 3.6.8, pytest-6.2.4, py-1.11.0, pluggy-0.13.1
rootdir: /root/.jenkins/workspace/spr-test-nicSriovStress/npxtester/Tests/testNics, configfile: pytest.ini
plugins: metadata-1.11.0, html-3.1.1
collected 0 items / 4 errors

==================================== ERRORS ====================================
_________________ ERROR collecting test_iperf_client_4hour.py __________________
npxtester/conf/testSettings.py:171: in <module>
    client2, ses2 = cn_test_sut.get_ssh_instance(pkg_generator["host"],pkg_generator["user"],pkg_generator["password"],pkg_generator["port"])
npxtester/libs/commons/sshInstance.py:25: in get_ssh_instance
    client.connect(hostname=hostname, port=port, username=username, password=password, timeout=30)
/usr/local/lib/python3.6/site-packages/paramiko/client.py:349: in connect
    retry_on_signal(lambda: sock.connect(addr))
/usr/local/lib/python3.6/site-packages/paramiko/util.py:283: in retry_on_signal
    return function()
/usr/local/lib/python3.6/site-packages/paramiko/client.py:349: in <lambda>
    retry_on_signal(lambda: sock.connect(addr))
E   socket.timeout: timed out

During handling of the above exception, another exception occurred:
npxtester/Tests/testNics/test_iperf_client_4hour.py:2: in <module>
    from Tests.testNics.NicTestFixture import *
npxtester/Tests/testNics/NicTestFixture.py:10: in <module>
    from libs.logger.logUtility import *
npxtester/libs/logger/logUtility.py:15: in <module>
    from conf import settings
npxtester/conf/__init__.py:12: in <module>
    from conf import testSettings
npxtester/conf/testSettings.py:174: in <module>
    assert 200 == 400, "Case Failed:ssh to sut2 failed,please check"
E   AssertionError: Case Failed:ssh to sut2 failed,please check
_________________________ ERROR collecting test_mtu.py _________________________
npxtester/conf/testSettings.py:171: in <module>
    client2, ses2 = cn_test_sut.get_ssh_instance(pkg_generator["host"],pkg_generator["user"],pkg_generator["password"],pkg_generator["port"])
npxtester/libs/commons/sshInstance.py:25: in get_ssh_instance
    client.connect(hostname=hostname, port=port, username=username, password=password, timeout=30)
/usr/local/lib/python3.6/site-packages/paramiko/client.py:349: in connect
    retry_on_signal(lambda: sock.connect(addr))
/usr/local/lib/python3.6/site-packages/paramiko/util.py:283: in retry_on_signal
    return function()
/usr/local/lib/python3.6/site-packages/paramiko/client.py:349: in <lambda>
    retry_on_signal(lambda: sock.connect(addr))
E   socket.timeout: timed out

During handling of the above exception, another exception occurred:
npxtester/Tests/testNics/test_mtu.py:9: in <module>
    from Tests.testNics.NicTestFixture import *
npxtester/Tests/testNics/NicTestFixture.py:10: in <module>
    from libs.logger.logUtility import *
npxtester/libs/logger/logUtility.py:15: in <module>
    from conf import settings
npxtester/conf/__init__.py:12: in <module>
    from conf import testSettings
npxtester/conf/testSettings.py:174: in <module>
    assert 200 == 400, "Case Failed:ssh to sut2 failed,please check"
E   AssertionError: Case Failed:ssh to sut2 failed,please check
________________ ERROR collecting test_network_sriov_stress.py _________________
npxtester/conf/testSettings.py:171: in <module>
    client2, ses2 = cn_test_sut.get_ssh_instance(pkg_generator["host"],pkg_generator["user"],pkg_generator["password"],pkg_generator["port"])
npxtester/libs/commons/sshInstance.py:25: in get_ssh_instance
    client.connect(hostname=hostname, port=port, username=username, password=password, timeout=30)
/usr/local/lib/python3.6/site-packages/paramiko/client.py:349: in connect
    retry_on_signal(lambda: sock.connect(addr))
/usr/local/lib/python3.6/site-packages/paramiko/util.py:283: in retry_on_signal
    return function()
/usr/local/lib/python3.6/site-packages/paramiko/client.py:349: in <lambda>
    retry_on_signal(lambda: sock.connect(addr))
E   socket.timeout: timed out

During handling of the above exception, another exception occurred:
npxtester/Tests/testNics/test_network_sriov_stress.py:11: in <module>
    from libs.logger.logUtility import *
npxtester/libs/logger/logUtility.py:15: in <module>
    from conf import settings
npxtester/conf/__init__.py:12: in <module>
    from conf import testSettings
npxtester/conf/testSettings.py:174: in <module>
    assert 200 == 400, "Case Failed:ssh to sut2 failed,please check"
E   AssertionError: Case Failed:ssh to sut2 failed,please check
________________________ ERROR collecting test_nics.py _________________________
npxtester/conf/testSettings.py:171: in <module>
    client2, ses2 = cn_test_sut.get_ssh_instance(pkg_generator["host"],pkg_generator["user"],pkg_generator["password"],pkg_generator["port"])
npxtester/libs/commons/sshInstance.py:25: in get_ssh_instance
    client.connect(hostname=hostname, port=port, username=username, password=password, timeout=30)
/usr/local/lib/python3.6/site-packages/paramiko/client.py:349: in connect
    retry_on_signal(lambda: sock.connect(addr))
/usr/local/lib/python3.6/site-packages/paramiko/util.py:283: in retry_on_signal
    return function()
/usr/local/lib/python3.6/site-packages/paramiko/client.py:349: in <lambda>
    retry_on_signal(lambda: sock.connect(addr))
E   socket.timeout: timed out

During handling of the above exception, another exception occurred:
npxtester/Tests/testNics/test_nics.py:10: in <module>
    from Tests.testNics.NicTestFixture import *
npxtester/Tests/testNics/NicTestFixture.py:10: in <module>
    from libs.logger.logUtility import *
npxtester/libs/logger/logUtility.py:15: in <module>
    from conf import settings
npxtester/conf/__init__.py:12: in <module>
    from conf import testSettings
npxtester/conf/testSettings.py:174: in <module>
    assert 200 == 400, "Case Failed:ssh to sut2 failed,please check"
E   AssertionError: Case Failed:ssh to sut2 failed,please check
- generated html file: file:///root/testconfig/testlogs/HtmlReport/nicSriovStress_report.html -
=========================== short test summary info ============================
ERROR npxtester/Tests/testNics/test_iperf_client_4hour.py - AssertionError: C...
ERROR npxtester/Tests/testNics/test_mtu.py - AssertionError: Case Failed:ssh ...
ERROR npxtester/Tests/testNics/test_network_sriov_stress.py - AssertionError:...
ERROR npxtester/Tests/testNics/test_nics.py - AssertionError: Case Failed:ssh...
!!!!!!!!!!!!!!!!!!! Interrupted: 4 errors during collection !!!!!!!!!!!!!!!!!!!!
======================== 4 errors in 120.97s (0:02:00) =========================
[8mha:////4DDaF6xD1n97fCJC17HEPtC4MvFSxjBMoUPdpyGs71EZAAAApR+LCAAAAAAAAP9tjTEOwjAQBC9BFLSUPOIioEIoFa3lhheYxBgn1l2wHZyKF/E1/oBFJCq2WO1sM683LIOHmr3BTlNvKTQWBzeavDCx76+OE3Z8wYYpsNModZLc6tOMkqOGOUUJCwErTY3jYMlEWItOPVTlFJnqHH3+jgJK297hCYXI5qh8/MLkYXMb28D08/wVwDREKHeHXPvt8AGMzKKgvgAAAA==[0m[Pipeline] echo
2
[8mha:////4JdwCG2vyNU1vR63Cq0h1I9fweuZdBzoUYFbNZMa07ZpAAAApR+LCAAAAAAAAP9tjTEOwjAQBC9BFLSUPOIihQohqrRWGl5gYmOcWHfGdkgqXsTX+AMWkajYYrWzzbzesI4BThwM9poGS7Gz6N1o8sKJw3B1PGHPF+yYIjuNrZ5aVrpZsOWkYUlRwkrARlPnOFoyCbailw9ZOUmmOqeQv6OA0qo7PKEQ2ZxkSF+YA+xuo4pMP89fAcw+QVkfcu1r/wFPn4+LvgAAAA==[0m[Pipeline] sh
+ sed -i $'s/\r//g' /root/.jenkins/workspace/spr-test-nicSriovStress/npxtester/log_analyzer/log_analyzer.sh
[8mha:////4J0lAWMm8HuBR5s3oE3lokuIt9KB2+AHQUkjEiJ+aQGpAAAApR+LCAAAAAAAAP9tjTEOwjAQBC9BFLSUPMKRSIUQVVorDS8w8WGcWHfGdkgqXsTX+AMWkajYYrWzzbzesI4BThyM6JEGS7GzwrvR5CUmDsPV8SR6voiOKbJD0eLUssZmwZYTwpKihJWEDVLnOFoyCbayVw9VOUWmOqeQv6OE0uo7PKGQ2ZxUSF+YA+xuo45MP89fAcw+Qbk/5Kpr/wEOrpSSvgAAAA==[0m[Pipeline] sh
+ chmod a+x /root/.jenkins/workspace/spr-test-nicSriovStress/npxtester/log_analyzer/log_analyzer.sh
[8mha:////4Mt0DSsxkJzZfVcF7hGhEOllvDy/ttdaA/Rf0YiZvcahAAAApR+LCAAAAAAAAP9tjTEOwjAQBC9BFLSUPOIiAQ1CqWgtN7zAJMY4se6C7eBUvIiv8QcsIlGxxWpnm3m9YRk81OwNdpp6S6GxOLjR5IWJfX91nLDjCzZMgZ1GqZPkVp9mlBw1zClKWAhYaWocB0smwlp06qEqp8hU5+jzdxRQ2vYOTyhENkfl4xcmD5vb2Aamn+evAKYhQrk95Nrthw/JONXdvgAAAA==[0m[Pipeline] sh
+ sh /root/.jenkins/workspace/spr-test-nicSriovStress/npxtester/log_analyzer/log_analyzer.sh
[8mha:////4BJ3niM699yfMaO4XlYckMNVxHBxF/A/6tXrT01aXGOTAAAAph+LCAAAAAAAAP9tjTEOwjAQBC9BFLSUPOIigSgQSkVrueEFJjHGiXUXbAen4kV8jT9gEYmKLVY728zrDcvgoWZvsNPUWwqNxcGNJi9M7Pur44QdX7BhCuw0Sp0kt/o0o+SoYU5RwkLASlPjOFgyEdaiUw9VOUWmOkefv6OA0rZ3eEIhsjkqH78wedjcxjYw/Tx/BTANQ4Ryt8+1PXwARMxJg74AAAA=[0m[Pipeline] }
[8mha:////4KLOGR+83vgrLFidGueNeEu4h+87+yS5qW1q0kigPKEkAAAAph+LCAAAAAAAAP9tjTEOwjAQBC9BFLSUPOIigYSQUCpayw0vMIkxTqy7YDs4FS/ia/wBi0hUbLHa2WZeb1gGDzV7g52m3lJoLA5uNHlhYt9fHSfs+IINU2CnUeokudWnGSVHDXOKEhYCVpoax8GSibAWnXqoyiky1Tn6/B0FlLa9wxMKkc1R+fiFycPmNraB6ef5K4BpGCKUu32u7eEDfI7acr4AAAA=[0m[Pipeline] // script
[8mha:////4B/bjeg5xruNbbx3kITLupXWvVAJcKllvbrOrw34K5MTAAAApR+LCAAAAAAAAP9tjTEOwjAQBC9BFLSUPOIiQZECUaW10vACExvjxLoztkNS8SK+xh+wiETFFqudbeb1hnUMcOJgsNc0WIqdRe9GkxdOHIar4wl7vmDHFNlpbPXUstLNgi0nDUuKElYCNpo6x9GSSbAVvXzIykky1TmF/B0FlFbd4QmFyOYkQ/rCHGB3G1Vk+nn+CmD2PkF5qHPt6w9IQDkpvgAAAA==[0m[Pipeline] }
[8mha:////4Pysn2p6Cuaw38A5WKCzX3hZbaQrVsudvseeZZRTcVjBAAAAph+LCAAAAAAAAP9tjTEOwjAQBC9BFLSUPOIigYSQUCpayw0vMIkxTqy7YDs4FS/ia/wBi0hUbLHa2WZeb1gGDzV7g52m3lJoLA5uNHlhYt9fHSfs+IINU2CnUeokudWnGSVHDXOKEhYCVpoax8GSibAWnXqoyiky1Tn6/B0FlLa9wxMKkc1R+fiFycPmNraB6ef5K4BpGCKUu0Ou7f4DC8Jor74AAAA=[0m[Pipeline] // stage
[8mha:////4AtNwyaW/AZqBd3OKxZrkWfAC6zB3HxngMFQ9sJmqFs1AAAAox+LCAAAAAAAAP9tjTEOwjAQBDdBFLSUPMIpoEGIitZKwwtMYowT6y7YF5KKF/E1/kBEJCq22plmXm8sU8SRo1ONpdZTqrzqQu+mpwaO7TXwoBq+qIopcbCqtEPJtT3NWLJYzMtyLDRWlqrAyZMTrHVjHqYIhlxxlji5g0bu6zueyPRUFhPlC2PE5tbXienX+RvA2HWCfLsXZLsP/+idkr0AAAA=[0m[Pipeline] }
[8mha:////4I5dJP3UyABwbWbQZBRGWAtgfXC/GfHsQ3SW1rlV0+rIAAAAox+LCAAAAAAAAP9tjTEOwjAQBDdBFLSUPMJBgg5R0VppeIFJjHFi3QX7QlLxIr7GH4iIRMVWO9PM641lijhydKqx1HpKlVdd6N301MCxvQYeVMMXVTElDlaVdii5tqcZSxaLeVmOhcbKUhU4eXKCtW7MwxTBkCvOEid30Mh9fccTmZ7KYqJ8YYzY3Po6Mf06fwMYu06Q77eCbPcBlS/sHL0AAAA=[0m[Pipeline] // node
[8mha:////4OCxxHdXTRYePL6pNSOSjI/nVmiKF6Ardumg4UkWHzykAAAAox+LCAAAAAAAAP9tjTEOwjAQBDdBFLSUPMIRiA5R0VppeIFJjHFi3QX7QlLxIr7GH4iIRMVWO9PM641lijhydKqx1HpKlVdd6N301MCxvQYeVMMXVTElDlaVdii5tqcZSxaLeVmOhcbKUhU4eXKCtW7MwxTBkCvOEid30Mh9fccTmZ7KYqJ8YYzY3Po6Mf06fwMYu06Q77eCbPcBszaLVr0AAAA=[0m[Pipeline] End of Pipeline
Finished: FAILURE
